{"/Users/juliek/HackReactor/rfp2303/__PROJECTS/SDC/RatingsAndReviews-J/server/controllers.js": {"path":"/Users/juliek/HackReactor/rfp2303/__PROJECTS/SDC/RatingsAndReviews-J/server/controllers.js","statementMap":{"0":{"start":{"line":1,"column":16},"end":{"line":1,"column":34}},"1":{"start":{"line":2,"column":14},"end":{"line":2,"column":30}},"2":{"start":{"line":3,"column":14},"end":{"line":3,"column":32}},"3":{"start":{"line":6,"column":20},"end":{"line":6,"column":22}},"4":{"start":{"line":9,"column":0},"end":{"line":29,"column":2}},"5":{"start":{"line":10,"column":20},"end":{"line":10,"column":40}},"6":{"start":{"line":11,"column":15},"end":{"line":11,"column":34}},"7":{"start":{"line":12,"column":16},"end":{"line":12,"column":36}},"8":{"start":{"line":13,"column":15},"end":{"line":13,"column":41}},"9":{"start":{"line":14,"column":2},"end":{"line":28,"column":7}},"10":{"start":{"line":17,"column":27},"end":{"line":22,"column":7}},"11":{"start":{"line":23,"column":6},"end":{"line":23,"column":29}},"12":{"start":{"line":26,"column":6},"end":{"line":26,"column":52}},"13":{"start":{"line":27,"column":6},"end":{"line":27,"column":26}},"14":{"start":{"line":33,"column":0},"end":{"line":71,"column":1}},"15":{"start":{"line":34,"column":20},"end":{"line":34,"column":40}},"16":{"start":{"line":35,"column":2},"end":{"line":70,"column":7}},"17":{"start":{"line":38,"column":6},"end":{"line":38,"column":26}},"18":{"start":{"line":40,"column":20},"end":{"line":40,"column":22}},"19":{"start":{"line":41,"column":6},"end":{"line":43,"column":9}},"20":{"start":{"line":42,"column":8},"end":{"line":42,"column":45}},"21":{"start":{"line":45,"column":24},"end":{"line":45,"column":26}},"22":{"start":{"line":46,"column":6},"end":{"line":48,"column":8}},"23":{"start":{"line":47,"column":8},"end":{"line":47,"column":59}},"24":{"start":{"line":50,"column":28},"end":{"line":50,"column":30}},"25":{"start":{"line":51,"column":6},"end":{"line":56,"column":8}},"26":{"start":{"line":52,"column":19},"end":{"line":52,"column":53}},"27":{"start":{"line":53,"column":8},"end":{"line":53,"column":35}},"28":{"start":{"line":54,"column":8},"end":{"line":54,"column":69}},"29":{"start":{"line":55,"column":8},"end":{"line":55,"column":57}},"30":{"start":{"line":58,"column":27},"end":{"line":63,"column":7}},"31":{"start":{"line":65,"column":6},"end":{"line":65,"column":29}},"32":{"start":{"line":68,"column":6},"end":{"line":68,"column":49}},"33":{"start":{"line":69,"column":6},"end":{"line":69,"column":26}},"34":{"start":{"line":74,"column":0},"end":{"line":94,"column":2}},"35":{"start":{"line":75,"column":15},"end":{"line":85,"column":3}},"36":{"start":{"line":86,"column":2},"end":{"line":93,"column":6}},"37":{"start":{"line":88,"column":6},"end":{"line":88,"column":26}},"38":{"start":{"line":91,"column":6},"end":{"line":91,"column":26}},"39":{"start":{"line":92,"column":6},"end":{"line":92,"column":49}},"40":{"start":{"line":97,"column":0},"end":{"line":107,"column":2}},"41":{"start":{"line":98,"column":19},"end":{"line":98,"column":39}},"42":{"start":{"line":99,"column":2},"end":{"line":106,"column":6}},"43":{"start":{"line":101,"column":6},"end":{"line":101,"column":26}},"44":{"start":{"line":104,"column":6},"end":{"line":104,"column":26}},"45":{"start":{"line":105,"column":6},"end":{"line":105,"column":55}},"46":{"start":{"line":109,"column":0},"end":{"line":119,"column":1}},"47":{"start":{"line":110,"column":19},"end":{"line":110,"column":39}},"48":{"start":{"line":111,"column":2},"end":{"line":118,"column":6}},"49":{"start":{"line":113,"column":6},"end":{"line":113,"column":26}},"50":{"start":{"line":116,"column":6},"end":{"line":116,"column":26}},"51":{"start":{"line":117,"column":6},"end":{"line":117,"column":56}},"52":{"start":{"line":122,"column":0},"end":{"line":122,"column":29}}},"fnMap":{"0":{"name":"(anonymous_0)","decl":{"start":{"line":9,"column":25},"end":{"line":9,"column":26}},"loc":{"start":{"line":9,"column":39},"end":{"line":29,"column":1}},"line":9},"1":{"name":"(anonymous_1)","decl":{"start":{"line":16,"column":10},"end":{"line":16,"column":11}},"loc":{"start":{"line":16,"column":22},"end":{"line":24,"column":5}},"line":16},"2":{"name":"(anonymous_2)","decl":{"start":{"line":25,"column":11},"end":{"line":25,"column":12}},"loc":{"start":{"line":25,"column":20},"end":{"line":28,"column":5}},"line":25},"3":{"name":"(anonymous_3)","decl":{"start":{"line":33,"column":26},"end":{"line":33,"column":27}},"loc":{"start":{"line":33,"column":40},"end":{"line":71,"column":1}},"line":33},"4":{"name":"(anonymous_4)","decl":{"start":{"line":37,"column":10},"end":{"line":37,"column":11}},"loc":{"start":{"line":37,"column":22},"end":{"line":66,"column":5}},"line":37},"5":{"name":"(anonymous_5)","decl":{"start":{"line":41,"column":24},"end":{"line":41,"column":25}},"loc":{"start":{"line":41,"column":34},"end":{"line":43,"column":7}},"line":41},"6":{"name":"(anonymous_6)","decl":{"start":{"line":46,"column":24},"end":{"line":46,"column":25}},"loc":{"start":{"line":46,"column":37},"end":{"line":48,"column":7}},"line":46},"7":{"name":"(anonymous_7)","decl":{"start":{"line":51,"column":24},"end":{"line":51,"column":25}},"loc":{"start":{"line":51,"column":42},"end":{"line":56,"column":7}},"line":51},"8":{"name":"(anonymous_8)","decl":{"start":{"line":67,"column":11},"end":{"line":67,"column":12}},"loc":{"start":{"line":67,"column":20},"end":{"line":70,"column":5}},"line":67},"9":{"name":"(anonymous_9)","decl":{"start":{"line":74,"column":25},"end":{"line":74,"column":26}},"loc":{"start":{"line":74,"column":39},"end":{"line":94,"column":1}},"line":74},"10":{"name":"(anonymous_10)","decl":{"start":{"line":87,"column":10},"end":{"line":87,"column":11}},"loc":{"start":{"line":87,"column":22},"end":{"line":89,"column":5}},"line":87},"11":{"name":"(anonymous_11)","decl":{"start":{"line":90,"column":11},"end":{"line":90,"column":12}},"loc":{"start":{"line":90,"column":20},"end":{"line":93,"column":5}},"line":90},"12":{"name":"(anonymous_12)","decl":{"start":{"line":97,"column":32},"end":{"line":97,"column":33}},"loc":{"start":{"line":97,"column":46},"end":{"line":107,"column":1}},"line":97},"13":{"name":"(anonymous_13)","decl":{"start":{"line":100,"column":10},"end":{"line":100,"column":11}},"loc":{"start":{"line":100,"column":22},"end":{"line":102,"column":5}},"line":100},"14":{"name":"(anonymous_14)","decl":{"start":{"line":103,"column":11},"end":{"line":103,"column":12}},"loc":{"start":{"line":103,"column":20},"end":{"line":106,"column":5}},"line":103},"15":{"name":"(anonymous_15)","decl":{"start":{"line":109,"column":33},"end":{"line":109,"column":34}},"loc":{"start":{"line":109,"column":47},"end":{"line":119,"column":1}},"line":109},"16":{"name":"(anonymous_16)","decl":{"start":{"line":112,"column":10},"end":{"line":112,"column":11}},"loc":{"start":{"line":112,"column":22},"end":{"line":114,"column":5}},"line":112},"17":{"name":"(anonymous_17)","decl":{"start":{"line":115,"column":11},"end":{"line":115,"column":12}},"loc":{"start":{"line":115,"column":20},"end":{"line":118,"column":5}},"line":115}},"branchMap":{"0":{"loc":{"start":{"line":11,"column":15},"end":{"line":11,"column":34}},"type":"binary-expr","locations":[{"start":{"line":11,"column":15},"end":{"line":11,"column":29}},{"start":{"line":11,"column":33},"end":{"line":11,"column":34}}],"line":11},"1":{"loc":{"start":{"line":12,"column":16},"end":{"line":12,"column":36}},"type":"binary-expr","locations":[{"start":{"line":12,"column":16},"end":{"line":12,"column":31}},{"start":{"line":12,"column":35},"end":{"line":12,"column":36}}],"line":12},"2":{"loc":{"start":{"line":13,"column":15},"end":{"line":13,"column":41}},"type":"binary-expr","locations":[{"start":{"line":13,"column":15},"end":{"line":13,"column":29}},{"start":{"line":13,"column":33},"end":{"line":13,"column":41}}],"line":13},"3":{"loc":{"start":{"line":77,"column":12},"end":{"line":77,"column":32}},"type":"binary-expr","locations":[{"start":{"line":77,"column":12},"end":{"line":77,"column":27}},{"start":{"line":77,"column":31},"end":{"line":77,"column":32}}],"line":77},"4":{"loc":{"start":{"line":78,"column":13},"end":{"line":78,"column":35}},"type":"binary-expr","locations":[{"start":{"line":78,"column":13},"end":{"line":78,"column":29}},{"start":{"line":78,"column":33},"end":{"line":78,"column":35}}],"line":78},"5":{"loc":{"start":{"line":79,"column":10},"end":{"line":79,"column":29}},"type":"binary-expr","locations":[{"start":{"line":79,"column":10},"end":{"line":79,"column":23}},{"start":{"line":79,"column":27},"end":{"line":79,"column":29}}],"line":79},"6":{"loc":{"start":{"line":80,"column":15},"end":{"line":80,"column":42}},"type":"binary-expr","locations":[{"start":{"line":80,"column":15},"end":{"line":80,"column":33}},{"start":{"line":80,"column":37},"end":{"line":80,"column":42}}],"line":80},"7":{"loc":{"start":{"line":81,"column":10},"end":{"line":81,"column":29}},"type":"binary-expr","locations":[{"start":{"line":81,"column":10},"end":{"line":81,"column":23}},{"start":{"line":81,"column":27},"end":{"line":81,"column":29}}],"line":81},"8":{"loc":{"start":{"line":82,"column":11},"end":{"line":82,"column":31}},"type":"binary-expr","locations":[{"start":{"line":82,"column":11},"end":{"line":82,"column":25}},{"start":{"line":82,"column":29},"end":{"line":82,"column":31}}],"line":82},"9":{"loc":{"start":{"line":83,"column":12},"end":{"line":83,"column":33}},"type":"binary-expr","locations":[{"start":{"line":83,"column":12},"end":{"line":83,"column":27}},{"start":{"line":83,"column":31},"end":{"line":83,"column":33}}],"line":83},"10":{"loc":{"start":{"line":84,"column":21},"end":{"line":84,"column":51}},"type":"binary-expr","locations":[{"start":{"line":84,"column":21},"end":{"line":84,"column":45}},{"start":{"line":84,"column":49},"end":{"line":84,"column":51}}],"line":84}},"s":{"0":1,"1":1,"2":1,"3":1,"4":1,"5":0,"6":0,"7":0,"8":0,"9":0,"10":0,"11":0,"12":0,"13":0,"14":1,"15":0,"16":0,"17":0,"18":0,"19":0,"20":0,"21":0,"22":0,"23":0,"24":0,"25":0,"26":0,"27":0,"28":0,"29":0,"30":0,"31":0,"32":0,"33":0,"34":1,"35":0,"36":0,"37":0,"38":0,"39":0,"40":1,"41":0,"42":0,"43":0,"44":0,"45":0,"46":1,"47":0,"48":0,"49":0,"50":0,"51":0,"52":1},"f":{"0":0,"1":0,"2":0,"3":0,"4":0,"5":0,"6":0,"7":0,"8":0,"9":0,"10":0,"11":0,"12":0,"13":0,"14":0,"15":0,"16":0,"17":0},"b":{"0":[0,0],"1":[0,0],"2":[0,0],"3":[0,0],"4":[0,0],"5":[0,0],"6":[0,0],"7":[0,0],"8":[0,0],"9":[0,0],"10":[0,0]},"_coverageSchema":"1a1c01bbd47fc00a2c39e90264f33305004495a9","hash":"9da1f12fd0edfb0bccd5b74b0acdc3f33c7cf20e"}
,"/Users/juliek/HackReactor/rfp2303/__PROJECTS/SDC/RatingsAndReviews-J/server/db.js": {"path":"/Users/juliek/HackReactor/rfp2303/__PROJECTS/SDC/RatingsAndReviews-J/server/db.js","statementMap":{"0":{"start":{"line":1,"column":0},"end":{"line":1,"column":27}},"1":{"start":{"line":2,"column":18},"end":{"line":2,"column":39}},"2":{"start":{"line":4,"column":12},"end":{"line":4,"column":23}},"3":{"start":{"line":6,"column":19},"end":{"line":12,"column":1}},"4":{"start":{"line":14,"column":11},"end":{"line":14,"column":26}},"5":{"start":{"line":15,"column":0},"end":{"line":17,"column":73}},"6":{"start":{"line":16,"column":14},"end":{"line":16,"column":70}},"7":{"start":{"line":17,"column":18},"end":{"line":17,"column":71}},"8":{"start":{"line":19,"column":0},"end":{"line":19,"column":20}}},"fnMap":{"0":{"name":"(anonymous_0)","decl":{"start":{"line":16,"column":8},"end":{"line":16,"column":9}},"loc":{"start":{"line":16,"column":14},"end":{"line":16,"column":70}},"line":16},"1":{"name":"(anonymous_1)","decl":{"start":{"line":17,"column":9},"end":{"line":17,"column":10}},"loc":{"start":{"line":17,"column":18},"end":{"line":17,"column":71}},"line":17}},"branchMap":{},"s":{"0":1,"1":1,"2":1,"3":1,"4":1,"5":1,"6":1,"7":0,"8":1},"f":{"0":1,"1":0},"b":{},"_coverageSchema":"1a1c01bbd47fc00a2c39e90264f33305004495a9","hash":"1759cbec892ea11f99fd0413b0880bed59e079d4"}
,"/Users/juliek/HackReactor/rfp2303/__PROJECTS/SDC/RatingsAndReviews-J/server/index.js": {"path":"/Users/juliek/HackReactor/rfp2303/__PROJECTS/SDC/RatingsAndReviews-J/server/index.js","statementMap":{"0":{"start":{"line":1,"column":16},"end":{"line":1,"column":34}},"1":{"start":{"line":2,"column":15},"end":{"line":2,"column":34}},"2":{"start":{"line":5,"column":12},"end":{"line":5,"column":21}},"3":{"start":{"line":6,"column":0},"end":{"line":6,"column":24}},"4":{"start":{"line":9,"column":0},"end":{"line":9,"column":28}},"5":{"start":{"line":12,"column":13},"end":{"line":12,"column":37}},"6":{"start":{"line":13,"column":0},"end":{"line":15,"column":3}},"7":{"start":{"line":14,"column":2},"end":{"line":14,"column":61}},"8":{"start":{"line":17,"column":0},"end":{"line":17,"column":21}}},"fnMap":{"0":{"name":"(anonymous_0)","decl":{"start":{"line":13,"column":17},"end":{"line":13,"column":18}},"loc":{"start":{"line":13,"column":23},"end":{"line":15,"column":1}},"line":13}},"branchMap":{"0":{"loc":{"start":{"line":12,"column":13},"end":{"line":12,"column":37}},"type":"binary-expr","locations":[{"start":{"line":12,"column":13},"end":{"line":12,"column":29}},{"start":{"line":12,"column":33},"end":{"line":12,"column":37}}],"line":12}},"s":{"0":1,"1":1,"2":1,"3":1,"4":1,"5":1,"6":1,"7":1,"8":1},"f":{"0":1},"b":{"0":[1,1]},"_coverageSchema":"1a1c01bbd47fc00a2c39e90264f33305004495a9","hash":"8657d30dc076a85a7b53799f9ed7a1c2b92a1478"}
,"/Users/juliek/HackReactor/rfp2303/__PROJECTS/SDC/RatingsAndReviews-J/server/model.js": {"path":"/Users/juliek/HackReactor/rfp2303/__PROJECTS/SDC/RatingsAndReviews-J/server/model.js","statementMap":{"0":{"start":{"line":1,"column":11},"end":{"line":1,"column":26}},"1":{"start":{"line":3,"column":14},"end":{"line":3,"column":16}},"2":{"start":{"line":5,"column":0},"end":{"line":39,"column":2}},"3":{"start":{"line":6,"column":15},"end":{"line":6,"column":45}},"4":{"start":{"line":8,"column":2},"end":{"line":30,"column":3}},"5":{"start":{"line":9,"column":4},"end":{"line":18,"column":14}},"6":{"start":{"line":19,"column":9},"end":{"line":30,"column":3}},"7":{"start":{"line":20,"column":4},"end":{"line":29,"column":14}},"8":{"start":{"line":31,"column":2},"end":{"line":38,"column":6}},"9":{"start":{"line":34,"column":6},"end":{"line":34,"column":23}},"10":{"start":{"line":34,"column":24},"end":{"line":34,"column":35}},"11":{"start":{"line":37,"column":6},"end":{"line":37,"column":52}},"12":{"start":{"line":42,"column":0},"end":{"line":66,"column":2}},"13":{"start":{"line":43,"column":15},"end":{"line":43,"column":26}},"14":{"start":{"line":44,"column":17},"end":{"line":48,"column":19}},"15":{"start":{"line":49,"column":17},"end":{"line":53,"column":22}},"16":{"start":{"line":54,"column":17},"end":{"line":59,"column":53}},"17":{"start":{"line":60,"column":12},"end":{"line":64,"column":3}},"18":{"start":{"line":65,"column":2},"end":{"line":65,"column":26}},"19":{"start":{"line":69,"column":0},"end":{"line":99,"column":2}},"20":{"start":{"line":71,"column":2},"end":{"line":98,"column":5}},"21":{"start":{"line":73,"column":18},"end":{"line":73,"column":103}},"22":{"start":{"line":74,"column":19},"end":{"line":77,"column":24}},"23":{"start":{"line":78,"column":21},"end":{"line":78,"column":65}},"24":{"start":{"line":78,"column":53},"end":{"line":78,"column":64}},"25":{"start":{"line":80,"column":19},"end":{"line":82,"column":20}},"26":{"start":{"line":83,"column":4},"end":{"line":86,"column":7}},"27":{"start":{"line":84,"column":20},"end":{"line":84,"column":35}},"28":{"start":{"line":85,"column":6},"end":{"line":85,"column":34}},"29":{"start":{"line":88,"column":19},"end":{"line":90,"column":24}},"30":{"start":{"line":91,"column":29},"end":{"line":91,"column":31}},"31":{"start":{"line":92,"column":4},"end":{"line":94,"column":5}},"32":{"start":{"line":93,"column":6},"end":{"line":93,"column":71}},"33":{"start":{"line":95,"column":4},"end":{"line":97,"column":7}},"34":{"start":{"line":96,"column":6},"end":{"line":96,"column":34}},"35":{"start":{"line":102,"column":0},"end":{"line":116,"column":1}},"36":{"start":{"line":103,"column":15},"end":{"line":103,"column":25}},"37":{"start":{"line":104,"column":16},"end":{"line":107,"column":23}},"38":{"start":{"line":108,"column":2},"end":{"line":115,"column":6}},"39":{"start":{"line":111,"column":6},"end":{"line":111,"column":23}},"40":{"start":{"line":111,"column":24},"end":{"line":111,"column":35}},"41":{"start":{"line":114,"column":6},"end":{"line":114,"column":74}},"42":{"start":{"line":118,"column":0},"end":{"line":132,"column":1}},"43":{"start":{"line":119,"column":15},"end":{"line":119,"column":25}},"44":{"start":{"line":120,"column":16},"end":{"line":123,"column":23}},"45":{"start":{"line":124,"column":2},"end":{"line":131,"column":6}},"46":{"start":{"line":127,"column":6},"end":{"line":127,"column":23}},"47":{"start":{"line":127,"column":24},"end":{"line":127,"column":35}},"48":{"start":{"line":130,"column":6},"end":{"line":130,"column":75}},"49":{"start":{"line":135,"column":0},"end":{"line":135,"column":23}}},"fnMap":{"0":{"name":"(anonymous_0)","decl":{"start":{"line":5,"column":24},"end":{"line":5,"column":25}},"loc":{"start":{"line":5,"column":58},"end":{"line":39,"column":1}},"line":5},"1":{"name":"(anonymous_1)","decl":{"start":{"line":33,"column":10},"end":{"line":33,"column":11}},"loc":{"start":{"line":33,"column":17},"end":{"line":35,"column":5}},"line":33},"2":{"name":"(anonymous_2)","decl":{"start":{"line":36,"column":11},"end":{"line":36,"column":12}},"loc":{"start":{"line":36,"column":18},"end":{"line":38,"column":5}},"line":36},"3":{"name":"(anonymous_3)","decl":{"start":{"line":42,"column":28},"end":{"line":42,"column":29}},"loc":{"start":{"line":42,"column":43},"end":{"line":66,"column":1}},"line":42},"4":{"name":"(anonymous_4)","decl":{"start":{"line":69,"column":19},"end":{"line":69,"column":20}},"loc":{"start":{"line":69,"column":111},"end":{"line":99,"column":1}},"line":69},"5":{"name":"(anonymous_5)","decl":{"start":{"line":71,"column":15},"end":{"line":71,"column":16}},"loc":{"start":{"line":71,"column":26},"end":{"line":98,"column":3}},"line":71},"6":{"name":"(anonymous_6)","decl":{"start":{"line":78,"column":48},"end":{"line":78,"column":49}},"loc":{"start":{"line":78,"column":53},"end":{"line":78,"column":64}},"line":78},"7":{"name":"(anonymous_7)","decl":{"start":{"line":83,"column":21},"end":{"line":83,"column":22}},"loc":{"start":{"line":83,"column":34},"end":{"line":86,"column":5}},"line":83},"8":{"name":"(anonymous_8)","decl":{"start":{"line":95,"column":33},"end":{"line":95,"column":34}},"loc":{"start":{"line":95,"column":48},"end":{"line":97,"column":5}},"line":95},"9":{"name":"(anonymous_9)","decl":{"start":{"line":102,"column":26},"end":{"line":102,"column":27}},"loc":{"start":{"line":102,"column":40},"end":{"line":116,"column":1}},"line":102},"10":{"name":"(anonymous_10)","decl":{"start":{"line":110,"column":10},"end":{"line":110,"column":11}},"loc":{"start":{"line":110,"column":17},"end":{"line":112,"column":5}},"line":110},"11":{"name":"(anonymous_11)","decl":{"start":{"line":113,"column":11},"end":{"line":113,"column":12}},"loc":{"start":{"line":113,"column":18},"end":{"line":115,"column":5}},"line":113},"12":{"name":"(anonymous_12)","decl":{"start":{"line":118,"column":27},"end":{"line":118,"column":28}},"loc":{"start":{"line":118,"column":41},"end":{"line":132,"column":1}},"line":118},"13":{"name":"(anonymous_13)","decl":{"start":{"line":126,"column":10},"end":{"line":126,"column":11}},"loc":{"start":{"line":126,"column":17},"end":{"line":128,"column":5}},"line":126},"14":{"name":"(anonymous_14)","decl":{"start":{"line":129,"column":11},"end":{"line":129,"column":12}},"loc":{"start":{"line":129,"column":18},"end":{"line":131,"column":5}},"line":129}},"branchMap":{"0":{"loc":{"start":{"line":8,"column":2},"end":{"line":30,"column":3}},"type":"if","locations":[{"start":{"line":8,"column":2},"end":{"line":30,"column":3}},{"start":{"line":19,"column":9},"end":{"line":30,"column":3}}],"line":8},"1":{"loc":{"start":{"line":19,"column":9},"end":{"line":30,"column":3}},"type":"if","locations":[{"start":{"line":19,"column":9},"end":{"line":30,"column":3}},{"start":{},"end":{}}],"line":19}},"s":{"0":1,"1":1,"2":1,"3":0,"4":0,"5":0,"6":0,"7":0,"8":0,"9":0,"10":0,"11":0,"12":1,"13":0,"14":0,"15":0,"16":0,"17":0,"18":0,"19":1,"20":0,"21":0,"22":0,"23":0,"24":0,"25":0,"26":0,"27":0,"28":0,"29":0,"30":0,"31":0,"32":0,"33":0,"34":0,"35":1,"36":0,"37":0,"38":0,"39":0,"40":0,"41":0,"42":1,"43":0,"44":0,"45":0,"46":0,"47":0,"48":0,"49":1},"f":{"0":0,"1":0,"2":0,"3":0,"4":0,"5":0,"6":0,"7":0,"8":0,"9":0,"10":0,"11":0,"12":0,"13":0,"14":0},"b":{"0":[0,0],"1":[0,0]},"_coverageSchema":"1a1c01bbd47fc00a2c39e90264f33305004495a9","hash":"c4505eabf5d4cd7343e3b6702d45139e9dfae0ef"}
,"/Users/juliek/HackReactor/rfp2303/__PROJECTS/SDC/RatingsAndReviews-J/server/router.js": {"path":"/Users/juliek/HackReactor/rfp2303/__PROJECTS/SDC/RatingsAndReviews-J/server/router.js","statementMap":{"0":{"start":{"line":1,"column":16},"end":{"line":1,"column":34}},"1":{"start":{"line":2,"column":15},"end":{"line":2,"column":31}},"2":{"start":{"line":4,"column":20},"end":{"line":4,"column":44}},"3":{"start":{"line":7,"column":0},"end":{"line":7,"column":40}},"4":{"start":{"line":9,"column":0},"end":{"line":9,"column":45}},"5":{"start":{"line":11,"column":0},"end":{"line":11,"column":41}},"6":{"start":{"line":13,"column":0},"end":{"line":13,"column":64}},"7":{"start":{"line":15,"column":0},"end":{"line":15,"column":64}},"8":{"start":{"line":19,"column":0},"end":{"line":19,"column":24}}},"fnMap":{},"branchMap":{},"s":{"0":1,"1":1,"2":1,"3":1,"4":1,"5":1,"6":1,"7":1,"8":1},"f":{},"b":{},"_coverageSchema":"1a1c01bbd47fc00a2c39e90264f33305004495a9","hash":"7bcd0fe1d51ea7f20ad9f8adec8f438478b69a92"}
}
