TN:
SF:server/controllers.js
FN:9,(anonymous_0)
FN:16,(anonymous_1)
FN:25,(anonymous_2)
FN:33,(anonymous_3)
FN:37,(anonymous_4)
FN:41,(anonymous_5)
FN:46,(anonymous_6)
FN:51,(anonymous_7)
FN:67,(anonymous_8)
FN:74,(anonymous_9)
FN:87,(anonymous_10)
FN:90,(anonymous_11)
FN:97,(anonymous_12)
FN:100,(anonymous_13)
FN:103,(anonymous_14)
FN:109,(anonymous_15)
FN:112,(anonymous_16)
FN:115,(anonymous_17)
FNF:18
FNH:0
FNDA:0,(anonymous_0)
FNDA:0,(anonymous_1)
FNDA:0,(anonymous_2)
FNDA:0,(anonymous_3)
FNDA:0,(anonymous_4)
FNDA:0,(anonymous_5)
FNDA:0,(anonymous_6)
FNDA:0,(anonymous_7)
FNDA:0,(anonymous_8)
FNDA:0,(anonymous_9)
FNDA:0,(anonymous_10)
FNDA:0,(anonymous_11)
FNDA:0,(anonymous_12)
FNDA:0,(anonymous_13)
FNDA:0,(anonymous_14)
FNDA:0,(anonymous_15)
FNDA:0,(anonymous_16)
FNDA:0,(anonymous_17)
DA:1,1
DA:2,1
DA:3,1
DA:6,1
DA:9,1
DA:10,0
DA:11,0
DA:12,0
DA:13,0
DA:14,0
DA:17,0
DA:23,0
DA:26,0
DA:27,0
DA:33,1
DA:34,0
DA:35,0
DA:38,0
DA:40,0
DA:41,0
DA:42,0
DA:45,0
DA:46,0
DA:47,0
DA:50,0
DA:51,0
DA:52,0
DA:53,0
DA:54,0
DA:55,0
DA:58,0
DA:65,0
DA:68,0
DA:69,0
DA:74,1
DA:75,0
DA:86,0
DA:88,0
DA:91,0
DA:92,0
DA:97,1
DA:98,0
DA:99,0
DA:101,0
DA:104,0
DA:105,0
DA:109,1
DA:110,0
DA:111,0
DA:113,0
DA:116,0
DA:117,0
DA:122,1
LF:53
LH:10
BRDA:11,0,0,0
BRDA:11,0,1,0
BRDA:12,1,0,0
BRDA:12,1,1,0
BRDA:13,2,0,0
BRDA:13,2,1,0
BRDA:77,3,0,0
BRDA:77,3,1,0
BRDA:78,4,0,0
BRDA:78,4,1,0
BRDA:79,5,0,0
BRDA:79,5,1,0
BRDA:80,6,0,0
BRDA:80,6,1,0
BRDA:81,7,0,0
BRDA:81,7,1,0
BRDA:82,8,0,0
BRDA:82,8,1,0
BRDA:83,9,0,0
BRDA:83,9,1,0
BRDA:84,10,0,0
BRDA:84,10,1,0
BRF:22
BRH:0
end_of_record
TN:
SF:server/db.js
FN:16,(anonymous_0)
FN:17,(anonymous_1)
FNF:2
FNH:1
FNDA:1,(anonymous_0)
FNDA:0,(anonymous_1)
DA:1,1
DA:2,1
DA:4,1
DA:6,1
DA:14,1
DA:15,1
DA:16,1
DA:17,0
DA:19,1
LF:9
LH:8
BRF:0
BRH:0
end_of_record
TN:
SF:server/index.js
FN:13,(anonymous_0)
FNF:1
FNH:1
FNDA:1,(anonymous_0)
DA:1,1
DA:2,1
DA:5,1
DA:6,1
DA:9,1
DA:12,1
DA:13,1
DA:14,1
DA:17,1
LF:9
LH:9
BRDA:12,0,0,1
BRDA:12,0,1,1
BRF:2
BRH:2
end_of_record
TN:
SF:server/model.js
FN:5,(anonymous_0)
FN:33,(anonymous_1)
FN:36,(anonymous_2)
FN:42,(anonymous_3)
FN:69,(anonymous_4)
FN:71,(anonymous_5)
FN:78,(anonymous_6)
FN:83,(anonymous_7)
FN:95,(anonymous_8)
FN:102,(anonymous_9)
FN:110,(anonymous_10)
FN:113,(anonymous_11)
FN:118,(anonymous_12)
FN:126,(anonymous_13)
FN:129,(anonymous_14)
FNF:15
FNH:0
FNDA:0,(anonymous_0)
FNDA:0,(anonymous_1)
FNDA:0,(anonymous_2)
FNDA:0,(anonymous_3)
FNDA:0,(anonymous_4)
FNDA:0,(anonymous_5)
FNDA:0,(anonymous_6)
FNDA:0,(anonymous_7)
FNDA:0,(anonymous_8)
FNDA:0,(anonymous_9)
FNDA:0,(anonymous_10)
FNDA:0,(anonymous_11)
FNDA:0,(anonymous_12)
FNDA:0,(anonymous_13)
FNDA:0,(anonymous_14)
DA:1,1
DA:3,1
DA:5,1
DA:6,0
DA:8,0
DA:9,0
DA:19,0
DA:20,0
DA:31,0
DA:34,0
DA:37,0
DA:42,1
DA:43,0
DA:44,0
DA:49,0
DA:54,0
DA:60,0
DA:65,0
DA:69,1
DA:71,0
DA:73,0
DA:74,0
DA:78,0
DA:80,0
DA:83,0
DA:84,0
DA:85,0
DA:88,0
DA:91,0
DA:92,0
DA:93,0
DA:95,0
DA:96,0
DA:102,1
DA:103,0
DA:104,0
DA:108,0
DA:111,0
DA:114,0
DA:118,1
DA:119,0
DA:120,0
DA:124,0
DA:127,0
DA:130,0
DA:135,1
LF:46
LH:8
BRDA:8,0,0,0
BRDA:8,0,1,0
BRDA:19,1,0,0
BRDA:19,1,1,0
BRF:4
BRH:0
end_of_record
TN:
SF:server/router.js
FNF:0
FNH:0
DA:1,1
DA:2,1
DA:4,1
DA:7,1
DA:9,1
DA:11,1
DA:13,1
DA:15,1
DA:19,1
LF:9
LH:9
BRF:0
BRH:0
end_of_record
